Analysis & Elaboration report for Game
Sat Jan 11 21:07:38 2025
Quartus II Version 9.1 Build 350 03/24/2010 Service Pack 2 SJ Web Edition


---------------------
; Table of Contents ;
---------------------
  1. Legal Notice
  2. Legal Notice
  3. Flow Summary
  4. Flow Settings
  5. Flow Non-Default Global Settings
  6. Flow Elapsed Time
  7. Flow OS Summary
  8. Flow Log
  9. Analysis & Elaboration Summary
 10. Parallel Compilation
 11. Source assignments for SECGEN:inst3|lpm_counter2:inst|lpm_counter:lpm_counter_component
 12. Source assignments for Counter:inst5|lpm_counter0:inst|lpm_counter:lpm_counter_component
 13. Source assignments for Counter:inst5|lpm_counter1:inst3|lpm_counter:lpm_counter_component
 14. Source assignments for Counter:inst|lpm_counter0:inst|lpm_counter:lpm_counter_component
 15. Source assignments for Counter:inst|lpm_counter1:inst3|lpm_counter:lpm_counter_component
 16. Parameter Settings for User Entity Instance: SECGEN:inst3|lpm_counter2:inst|lpm_counter:lpm_counter_component
 17. Parameter Settings for User Entity Instance: Counter:inst5|lpm_counter0:inst|lpm_counter:lpm_counter_component
 18. Parameter Settings for User Entity Instance: Counter:inst5|lpm_counter1:inst3|lpm_counter:lpm_counter_component
 19. Parameter Settings for User Entity Instance: Counter:inst|lpm_counter0:inst|lpm_counter:lpm_counter_component
 20. Parameter Settings for User Entity Instance: Counter:inst|lpm_counter1:inst3|lpm_counter:lpm_counter_component
 21. Analysis & Elaboration Settings
 22. Analysis & Elaboration Messages



----------------
; Legal Notice ;
----------------
Copyright (C) 1991-2010 Altera Corporation
Your use of Altera Corporation's design tools, logic functions 
and other software and tools, and its AMPP partner logic 
functions, and any output files from any of the foregoing 
(including device programming or simulation files), and any 
associated documentation or information are expressly subject 
to the terms and conditions of the Altera Program License 
Subscription Agreement, Altera MegaCore Function License 
Agreement, or other applicable license agreement, including, 
without limitation, that your use is for the sole purpose of 
programming logic devices manufactured by Altera and sold by 
Altera or its authorized distributors.  Please refer to the 
applicable agreement for further details.



----------------
; Legal Notice ;
----------------
Copyright (C) 1991-2010 Altera Corporation
Your use of Altera Corporation's design tools, logic functions 
and other software and tools, and its AMPP partner logic 
functions, and any output files from any of the foregoing 
(including device programming or simulation files), and any 
associated documentation or information are expressly subject 
to the terms and conditions of the Altera Program License 
Subscription Agreement, Altera MegaCore Function License 
Agreement, or other applicable license agreement, including, 
without limitation, that your use is for the sole purpose of 
programming logic devices manufactured by Altera and sold by 
Altera or its authorized distributors.  Please refer to the 
applicable agreement for further details.



+-----------------------------------------------------------------------------------+
; Flow Summary                                                                      ;
+------------------------------------+----------------------------------------------+
; Flow Status                        ; Successful - Sat Jan 11 21:07:38 2025        ;
; Quartus II Version                 ; 9.1 Build 350 03/24/2010 SP 2 SJ Web Edition ;
; Revision Name                      ; Game                                         ;
; Top-level Entity Name              ; Game                                         ;
; Family                             ; Cyclone III                                  ;
; Device                             ; EP3C16F484C6                                 ;
; Timing Models                      ; Final                                        ;
; Met timing requirements            ; N/A                                          ;
; Total logic elements               ; N/A until Partition Merge                    ;
;     Total combinational functions  ; N/A until Partition Merge                    ;
;     Dedicated logic registers      ; N/A until Partition Merge                    ;
; Total registers                    ; N/A until Partition Merge                    ;
; Total pins                         ; N/A until Partition Merge                    ;
; Total virtual pins                 ; N/A until Partition Merge                    ;
; Total memory bits                  ; N/A until Partition Merge                    ;
; Embedded Multiplier 9-bit elements ; N/A until Partition Merge                    ;
; Total PLLs                         ; N/A until Partition Merge                    ;
+------------------------------------+----------------------------------------------+


+-----------------------------------------+
; Flow Settings                           ;
+-------------------+---------------------+
; Option            ; Setting             ;
+-------------------+---------------------+
; Start date & time ; 01/11/2025 21:07:36 ;
; Main task         ; Compilation         ;
; Revision Name     ; Game                ;
+-------------------+---------------------+


+-------------------------------------------------------------------------------------------------------------------+
; Flow Non-Default Global Settings                                                                                  ;
+------------------------------------+-------------------------------+---------------+-------------+----------------+
; Assignment Name                    ; Value                         ; Default Value ; Entity Name ; Section Id     ;
+------------------------------------+-------------------------------+---------------+-------------+----------------+
; COMPILER_SIGNATURE_ID              ; 5025754943169.173662245623136 ; --            ; --          ; --             ;
; EDA_OUTPUT_DATA_FORMAT             ; Vhdl                          ; --            ; --          ; eda_simulation ;
; EDA_SIMULATION_TOOL                ; ModelSim-Altera (VHDL)        ; <None>        ; --          ; --             ;
; MISC_FILE                          ; Game.dpf                      ; --            ; --          ; --             ;
; PARTITION_COLOR                    ; 16764057                      ; --            ; --          ; Top            ;
; PARTITION_NETLIST_TYPE             ; SOURCE                        ; --            ; --          ; Top            ;
; USE_GENERATED_PHYSICAL_CONSTRAINTS ; Off                           ; --            ; --          ; eda_blast_fpga ;
; VERILOG_INPUT_VERSION              ; SystemVerilog_2005            ; Verilog_2001  ; --          ; --             ;
; VHDL_INPUT_VERSION                 ; VHDL_2008                     ; VHDL_1993     ; --          ; --             ;
+------------------------------------+-------------------------------+---------------+-------------+----------------+


+----------------------------------------------------------------------------------------------------------------------------+
; Flow Elapsed Time                                                                                                          ;
+------------------------+--------------+-------------------------+---------------------+------------------------------------+
; Module Name            ; Elapsed Time ; Average Processors Used ; Peak Virtual Memory ; Total CPU Time (on all processors) ;
+------------------------+--------------+-------------------------+---------------------+------------------------------------+
; Analysis & Elaboration ; 00:00:02     ; 1.0                     ; 251 MB              ; 00:00:01                           ;
; Total                  ; 00:00:02     ; --                      ; --                  ; 00:00:01                           ;
+------------------------+--------------+-------------------------+---------------------+------------------------------------+


+-----------------------------------------------------------------------------------------+
; Flow OS Summary                                                                         ;
+------------------------+------------------+---------------+------------+----------------+
; Module Name            ; Machine Hostname ; OS Name       ; OS Version ; Processor type ;
+------------------------+------------------+---------------+------------+----------------+
; Analysis & Elaboration ; DESKTOP-EE5SDJO  ; Windows Vista ; 6.2        ; x86_64         ;
+------------------------+------------------+---------------+------------+----------------+


------------
; Flow Log ;
------------
quartus_map --read_settings_files=on --write_settings_files=off Game -c Game --disable_all_banners --analysis_and_elaboration



+-----------------------------------------------------------------------------------+
; Analysis & Elaboration Summary                                                    ;
+------------------------------------+----------------------------------------------+
; Analysis & Elaboration Status      ; Successful - Sat Jan 11 21:07:38 2025        ;
; Quartus II Version                 ; 9.1 Build 350 03/24/2010 SP 2 SJ Web Edition ;
; Revision Name                      ; Game                                         ;
; Top-level Entity Name              ; Game                                         ;
; Family                             ; Cyclone III                                  ;
; Total logic elements               ; N/A until Partition Merge                    ;
;     Total combinational functions  ; N/A until Partition Merge                    ;
;     Dedicated logic registers      ; N/A until Partition Merge                    ;
; Total registers                    ; N/A until Partition Merge                    ;
; Total pins                         ; N/A until Partition Merge                    ;
; Total virtual pins                 ; N/A until Partition Merge                    ;
; Total memory bits                  ; N/A until Partition Merge                    ;
; Embedded Multiplier 9-bit elements ; N/A until Partition Merge                    ;
; Total PLLs                         ; N/A until Partition Merge                    ;
+------------------------------------+----------------------------------------------+


Parallel compilation was disabled, but you have multiple processors available. Enable parallel compilation to reduce compilation time.
+-------------------------------------+
; Parallel Compilation                ;
+----------------------------+--------+
; Processors                 ; Number ;
+----------------------------+--------+
; Number detected on machine ; 8      ;
; Maximum allowed            ; 1      ;
+----------------------------+--------+


+-----------------------------------------------------------------------------------------+
; Source assignments for SECGEN:inst3|lpm_counter2:inst|lpm_counter:lpm_counter_component ;
+---------------------------+-------+------+----------------------------------------------+
; Assignment                ; Value ; From ; To                                           ;
+---------------------------+-------+------+----------------------------------------------+
; SUPPRESS_DA_RULE_INTERNAL ; a101  ; -    ; -                                            ;
; SUPPRESS_DA_RULE_INTERNAL ; s102  ; -    ; -                                            ;
; SUPPRESS_DA_RULE_INTERNAL ; s103  ; -    ; -                                            ;
+---------------------------+-------+------+----------------------------------------------+


+------------------------------------------------------------------------------------------+
; Source assignments for Counter:inst5|lpm_counter0:inst|lpm_counter:lpm_counter_component ;
+---------------------------+-------+------+-----------------------------------------------+
; Assignment                ; Value ; From ; To                                            ;
+---------------------------+-------+------+-----------------------------------------------+
; SUPPRESS_DA_RULE_INTERNAL ; a101  ; -    ; -                                             ;
; SUPPRESS_DA_RULE_INTERNAL ; s102  ; -    ; -                                             ;
; SUPPRESS_DA_RULE_INTERNAL ; s103  ; -    ; -                                             ;
+---------------------------+-------+------+-----------------------------------------------+


+-------------------------------------------------------------------------------------------+
; Source assignments for Counter:inst5|lpm_counter1:inst3|lpm_counter:lpm_counter_component ;
+---------------------------+-------+------+------------------------------------------------+
; Assignment                ; Value ; From ; To                                             ;
+---------------------------+-------+------+------------------------------------------------+
; SUPPRESS_DA_RULE_INTERNAL ; a101  ; -    ; -                                              ;
; SUPPRESS_DA_RULE_INTERNAL ; s102  ; -    ; -                                              ;
; SUPPRESS_DA_RULE_INTERNAL ; s103  ; -    ; -                                              ;
+---------------------------+-------+------+------------------------------------------------+


+-----------------------------------------------------------------------------------------+
; Source assignments for Counter:inst|lpm_counter0:inst|lpm_counter:lpm_counter_component ;
+---------------------------+-------+------+----------------------------------------------+
; Assignment                ; Value ; From ; To                                           ;
+---------------------------+-------+------+----------------------------------------------+
; SUPPRESS_DA_RULE_INTERNAL ; a101  ; -    ; -                                            ;
; SUPPRESS_DA_RULE_INTERNAL ; s102  ; -    ; -                                            ;
; SUPPRESS_DA_RULE_INTERNAL ; s103  ; -    ; -                                            ;
+---------------------------+-------+------+----------------------------------------------+


+------------------------------------------------------------------------------------------+
; Source assignments for Counter:inst|lpm_counter1:inst3|lpm_counter:lpm_counter_component ;
+---------------------------+-------+------+-----------------------------------------------+
; Assignment                ; Value ; From ; To                                            ;
+---------------------------+-------+------+-----------------------------------------------+
; SUPPRESS_DA_RULE_INTERNAL ; a101  ; -    ; -                                             ;
; SUPPRESS_DA_RULE_INTERNAL ; s102  ; -    ; -                                             ;
; SUPPRESS_DA_RULE_INTERNAL ; s103  ; -    ; -                                             ;
+---------------------------+-------+------+-----------------------------------------------+


+---------------------------------------------------------------------------------------------------------------+
; Parameter Settings for User Entity Instance: SECGEN:inst3|lpm_counter2:inst|lpm_counter:lpm_counter_component ;
+------------------------+-------------+------------------------------------------------------------------------+
; Parameter Name         ; Value       ; Type                                                                   ;
+------------------------+-------------+------------------------------------------------------------------------+
; AUTO_CARRY_CHAINS      ; ON          ; AUTO_CARRY                                                             ;
; IGNORE_CARRY_BUFFERS   ; OFF         ; IGNORE_CARRY                                                           ;
; AUTO_CASCADE_CHAINS    ; ON          ; AUTO_CASCADE                                                           ;
; IGNORE_CASCADE_BUFFERS ; OFF         ; IGNORE_CASCADE                                                         ;
; LPM_WIDTH              ; 26          ; Untyped                                                                ;
; LPM_DIRECTION          ; UP          ; Untyped                                                                ;
; LPM_MODULUS            ; 50000000    ; Untyped                                                                ;
; LPM_AVALUE             ; UNUSED      ; Untyped                                                                ;
; LPM_SVALUE             ; UNUSED      ; Untyped                                                                ;
; LPM_PORT_UPDOWN        ; PORT_UNUSED ; Untyped                                                                ;
; DEVICE_FAMILY          ; Cyclone III ; Untyped                                                                ;
; CARRY_CHAIN            ; MANUAL      ; Untyped                                                                ;
; CARRY_CHAIN_LENGTH     ; 48          ; CARRY_CHAIN_LENGTH                                                     ;
; NOT_GATE_PUSH_BACK     ; ON          ; NOT_GATE_PUSH_BACK                                                     ;
; CARRY_CNT_EN           ; SMART       ; Untyped                                                                ;
; LABWIDE_SCLR           ; ON          ; Untyped                                                                ;
; USE_NEW_VERSION        ; TRUE        ; Untyped                                                                ;
; CBXI_PARAMETER         ; cntr_gel    ; Untyped                                                                ;
+------------------------+-------------+------------------------------------------------------------------------+
Note: In order to hide this table in the UI and the text report file, please set the "Show Parameter Settings Tables in Synthesis Report" option in "Analysis and Synthesis Settings -> More Settings" to "Off".


+----------------------------------------------------------------------------------------------------------------+
; Parameter Settings for User Entity Instance: Counter:inst5|lpm_counter0:inst|lpm_counter:lpm_counter_component ;
+------------------------+-------------+-------------------------------------------------------------------------+
; Parameter Name         ; Value       ; Type                                                                    ;
+------------------------+-------------+-------------------------------------------------------------------------+
; AUTO_CARRY_CHAINS      ; ON          ; AUTO_CARRY                                                              ;
; IGNORE_CARRY_BUFFERS   ; OFF         ; IGNORE_CARRY                                                            ;
; AUTO_CASCADE_CHAINS    ; ON          ; AUTO_CASCADE                                                            ;
; IGNORE_CASCADE_BUFFERS ; OFF         ; IGNORE_CASCADE                                                          ;
; LPM_WIDTH              ; 4           ; Untyped                                                                 ;
; LPM_DIRECTION          ; UP          ; Untyped                                                                 ;
; LPM_MODULUS            ; 10          ; Untyped                                                                 ;
; LPM_AVALUE             ; UNUSED      ; Untyped                                                                 ;
; LPM_SVALUE             ; UNUSED      ; Untyped                                                                 ;
; LPM_PORT_UPDOWN        ; PORT_UNUSED ; Untyped                                                                 ;
; DEVICE_FAMILY          ; Cyclone III ; Untyped                                                                 ;
; CARRY_CHAIN            ; MANUAL      ; Untyped                                                                 ;
; CARRY_CHAIN_LENGTH     ; 48          ; CARRY_CHAIN_LENGTH                                                      ;
; NOT_GATE_PUSH_BACK     ; ON          ; NOT_GATE_PUSH_BACK                                                      ;
; CARRY_CNT_EN           ; SMART       ; Untyped                                                                 ;
; LABWIDE_SCLR           ; ON          ; Untyped                                                                 ;
; USE_NEW_VERSION        ; TRUE        ; Untyped                                                                 ;
; CBXI_PARAMETER         ; cntr_4lk    ; Untyped                                                                 ;
+------------------------+-------------+-------------------------------------------------------------------------+
Note: In order to hide this table in the UI and the text report file, please set the "Show Parameter Settings Tables in Synthesis Report" option in "Analysis and Synthesis Settings -> More Settings" to "Off".


+-----------------------------------------------------------------------------------------------------------------+
; Parameter Settings for User Entity Instance: Counter:inst5|lpm_counter1:inst3|lpm_counter:lpm_counter_component ;
+------------------------+-------------+--------------------------------------------------------------------------+
; Parameter Name         ; Value       ; Type                                                                     ;
+------------------------+-------------+--------------------------------------------------------------------------+
; AUTO_CARRY_CHAINS      ; ON          ; AUTO_CARRY                                                               ;
; IGNORE_CARRY_BUFFERS   ; OFF         ; IGNORE_CARRY                                                             ;
; AUTO_CASCADE_CHAINS    ; ON          ; AUTO_CASCADE                                                             ;
; IGNORE_CASCADE_BUFFERS ; OFF         ; IGNORE_CASCADE                                                           ;
; LPM_WIDTH              ; 4           ; Untyped                                                                  ;
; LPM_DIRECTION          ; UP          ; Untyped                                                                  ;
; LPM_MODULUS            ; 6           ; Untyped                                                                  ;
; LPM_AVALUE             ; UNUSED      ; Untyped                                                                  ;
; LPM_SVALUE             ; UNUSED      ; Untyped                                                                  ;
; LPM_PORT_UPDOWN        ; PORT_UNUSED ; Untyped                                                                  ;
; DEVICE_FAMILY          ; Cyclone III ; Untyped                                                                  ;
; CARRY_CHAIN            ; MANUAL      ; Untyped                                                                  ;
; CARRY_CHAIN_LENGTH     ; 48          ; CARRY_CHAIN_LENGTH                                                       ;
; NOT_GATE_PUSH_BACK     ; ON          ; NOT_GATE_PUSH_BACK                                                       ;
; CARRY_CNT_EN           ; SMART       ; Untyped                                                                  ;
; LABWIDE_SCLR           ; ON          ; Untyped                                                                  ;
; USE_NEW_VERSION        ; TRUE        ; Untyped                                                                  ;
; CBXI_PARAMETER         ; cntr_pjk    ; Untyped                                                                  ;
+------------------------+-------------+--------------------------------------------------------------------------+
Note: In order to hide this table in the UI and the text report file, please set the "Show Parameter Settings Tables in Synthesis Report" option in "Analysis and Synthesis Settings -> More Settings" to "Off".


+---------------------------------------------------------------------------------------------------------------+
; Parameter Settings for User Entity Instance: Counter:inst|lpm_counter0:inst|lpm_counter:lpm_counter_component ;
+------------------------+-------------+------------------------------------------------------------------------+
; Parameter Name         ; Value       ; Type                                                                   ;
+------------------------+-------------+------------------------------------------------------------------------+
; AUTO_CARRY_CHAINS      ; ON          ; AUTO_CARRY                                                             ;
; IGNORE_CARRY_BUFFERS   ; OFF         ; IGNORE_CARRY                                                           ;
; AUTO_CASCADE_CHAINS    ; ON          ; AUTO_CASCADE                                                           ;
; IGNORE_CASCADE_BUFFERS ; OFF         ; IGNORE_CASCADE                                                         ;
; LPM_WIDTH              ; 4           ; Untyped                                                                ;
; LPM_DIRECTION          ; UP          ; Untyped                                                                ;
; LPM_MODULUS            ; 10          ; Untyped                                                                ;
; LPM_AVALUE             ; UNUSED      ; Untyped                                                                ;
; LPM_SVALUE             ; UNUSED      ; Untyped                                                                ;
; LPM_PORT_UPDOWN        ; PORT_UNUSED ; Untyped                                                                ;
; DEVICE_FAMILY          ; Cyclone III ; Untyped                                                                ;
; CARRY_CHAIN            ; MANUAL      ; Untyped                                                                ;
; CARRY_CHAIN_LENGTH     ; 48          ; CARRY_CHAIN_LENGTH                                                     ;
; NOT_GATE_PUSH_BACK     ; ON          ; NOT_GATE_PUSH_BACK                                                     ;
; CARRY_CNT_EN           ; SMART       ; Untyped                                                                ;
; LABWIDE_SCLR           ; ON          ; Untyped                                                                ;
; USE_NEW_VERSION        ; TRUE        ; Untyped                                                                ;
; CBXI_PARAMETER         ; cntr_4lk    ; Untyped                                                                ;
+------------------------+-------------+------------------------------------------------------------------------+
Note: In order to hide this table in the UI and the text report file, please set the "Show Parameter Settings Tables in Synthesis Report" option in "Analysis and Synthesis Settings -> More Settings" to "Off".


+----------------------------------------------------------------------------------------------------------------+
; Parameter Settings for User Entity Instance: Counter:inst|lpm_counter1:inst3|lpm_counter:lpm_counter_component ;
+------------------------+-------------+-------------------------------------------------------------------------+
; Parameter Name         ; Value       ; Type                                                                    ;
+------------------------+-------------+-------------------------------------------------------------------------+
; AUTO_CARRY_CHAINS      ; ON          ; AUTO_CARRY                                                              ;
; IGNORE_CARRY_BUFFERS   ; OFF         ; IGNORE_CARRY                                                            ;
; AUTO_CASCADE_CHAINS    ; ON          ; AUTO_CASCADE                                                            ;
; IGNORE_CASCADE_BUFFERS ; OFF         ; IGNORE_CASCADE                                                          ;
; LPM_WIDTH              ; 4           ; Untyped                                                                 ;
; LPM_DIRECTION          ; UP          ; Untyped                                                                 ;
; LPM_MODULUS            ; 6           ; Untyped                                                                 ;
; LPM_AVALUE             ; UNUSED      ; Untyped                                                                 ;
; LPM_SVALUE             ; UNUSED      ; Untyped                                                                 ;
; LPM_PORT_UPDOWN        ; PORT_UNUSED ; Untyped                                                                 ;
; DEVICE_FAMILY          ; Cyclone III ; Untyped                                                                 ;
; CARRY_CHAIN            ; MANUAL      ; Untyped                                                                 ;
; CARRY_CHAIN_LENGTH     ; 48          ; CARRY_CHAIN_LENGTH                                                      ;
; NOT_GATE_PUSH_BACK     ; ON          ; NOT_GATE_PUSH_BACK                                                      ;
; CARRY_CNT_EN           ; SMART       ; Untyped                                                                 ;
; LABWIDE_SCLR           ; ON          ; Untyped                                                                 ;
; USE_NEW_VERSION        ; TRUE        ; Untyped                                                                 ;
; CBXI_PARAMETER         ; cntr_pjk    ; Untyped                                                                 ;
+------------------------+-------------+-------------------------------------------------------------------------+
Note: In order to hide this table in the UI and the text report file, please set the "Show Parameter Settings Tables in Synthesis Report" option in "Analysis and Synthesis Settings -> More Settings" to "Off".


+----------------------------------------------------------------------------------------------------------------------+
; Analysis & Elaboration Settings                                                                                      ;
+----------------------------------------------------------------------------+--------------------+--------------------+
; Option                                                                     ; Setting            ; Default Value      ;
+----------------------------------------------------------------------------+--------------------+--------------------+
; Device                                                                     ; EP3C16F484C6       ;                    ;
; Top-level entity name                                                      ; Game               ; Game               ;
; Family name                                                                ; Cyclone III        ; Stratix II         ;
; Verilog Version                                                            ; SystemVerilog_2005 ; Verilog_2001       ;
; VHDL Version                                                               ; VHDL_2008          ; VHDL_1993          ;
; Use Generated Physical Constraints File                                    ; Off                ;                    ;
; Use smart compilation                                                      ; Off                ; Off                ;
; Enable parallel Assembler and TimeQuest Timing Analyzer during compilation ; On                 ; On                 ;
; Enable compact report table                                                ; Off                ; Off                ;
; Restructure Multiplexers                                                   ; Auto               ; Auto               ;
; Create Debugging Nodes for IP Cores                                        ; Off                ; Off                ;
; Preserve fewer node names                                                  ; On                 ; On                 ;
; Disable OpenCore Plus hardware evaluation                                  ; Off                ; Off                ;
; State Machine Processing                                                   ; Auto               ; Auto               ;
; Safe State Machine                                                         ; Off                ; Off                ;
; Extract Verilog State Machines                                             ; On                 ; On                 ;
; Extract VHDL State Machines                                                ; On                 ; On                 ;
; Ignore Verilog initial constructs                                          ; Off                ; Off                ;
; Iteration limit for constant Verilog loops                                 ; 5000               ; 5000               ;
; Iteration limit for non-constant Verilog loops                             ; 250                ; 250                ;
; Add Pass-Through Logic to Inferred RAMs                                    ; On                 ; On                 ;
; Parallel Synthesis                                                         ; On                 ; On                 ;
; DSP Block Balancing                                                        ; Auto               ; Auto               ;
; NOT Gate Push-Back                                                         ; On                 ; On                 ;
; Power-Up Don't Care                                                        ; On                 ; On                 ;
; Remove Redundant Logic Cells                                               ; Off                ; Off                ;
; Remove Duplicate Registers                                                 ; On                 ; On                 ;
; Ignore CARRY Buffers                                                       ; Off                ; Off                ;
; Ignore CASCADE Buffers                                                     ; Off                ; Off                ;
; Ignore GLOBAL Buffers                                                      ; Off                ; Off                ;
; Ignore ROW GLOBAL Buffers                                                  ; Off                ; Off                ;
; Ignore LCELL Buffers                                                       ; Off                ; Off                ;
; Ignore SOFT Buffers                                                        ; On                 ; On                 ;
; Limit AHDL Integers to 32 Bits                                             ; Off                ; Off                ;
; Optimization Technique                                                     ; Balanced           ; Balanced           ;
; Carry Chain Length                                                         ; 70                 ; 70                 ;
; Auto Carry Chains                                                          ; On                 ; On                 ;
; Auto Open-Drain Pins                                                       ; On                 ; On                 ;
; Perform WYSIWYG Primitive Resynthesis                                      ; Off                ; Off                ;
; Auto ROM Replacement                                                       ; On                 ; On                 ;
; Auto RAM Replacement                                                       ; On                 ; On                 ;
; Auto DSP Block Replacement                                                 ; On                 ; On                 ;
; Auto Shift Register Replacement                                            ; Auto               ; Auto               ;
; Auto Clock Enable Replacement                                              ; On                 ; On                 ;
; Strict RAM Replacement                                                     ; Off                ; Off                ;
; Allow Synchronous Control Signals                                          ; On                 ; On                 ;
; Force Use of Synchronous Clear Signals                                     ; Off                ; Off                ;
; Auto RAM Block Balancing                                                   ; On                 ; On                 ;
; Auto RAM to Logic Cell Conversion                                          ; Off                ; Off                ;
; Auto Resource Sharing                                                      ; Off                ; Off                ;
; Allow Any RAM Size For Recognition                                         ; Off                ; Off                ;
; Allow Any ROM Size For Recognition                                         ; Off                ; Off                ;
; Allow Any Shift Register Size For Recognition                              ; Off                ; Off                ;
; Use LogicLock Constraints during Resource Balancing                        ; On                 ; On                 ;
; Ignore translate_off and synthesis_off directives                          ; Off                ; Off                ;
; Timing-Driven Synthesis                                                    ; On                 ; On                 ;
; Show Parameter Settings Tables in Synthesis Report                         ; On                 ; On                 ;
; Ignore Maximum Fan-Out Assignments                                         ; Off                ; Off                ;
; Synchronization Register Chain Length                                      ; 2                  ; 2                  ;
; PowerPlay Power Optimization                                               ; Normal compilation ; Normal compilation ;
; HDL message level                                                          ; Level2             ; Level2             ;
; Suppress Register Optimization Related Messages                            ; Off                ; Off                ;
; Number of Removed Registers Reported in Synthesis Report                   ; 5000               ; 5000               ;
; Number of Inverted Registers Reported in Synthesis Report                  ; 100                ; 100                ;
; Clock MUX Protection                                                       ; On                 ; On                 ;
; Auto Gated Clock Conversion                                                ; Off                ; Off                ;
; Block Design Naming                                                        ; Auto               ; Auto               ;
; SDC constraint protection                                                  ; Off                ; Off                ;
; Synthesis Effort                                                           ; Auto               ; Auto               ;
; Shift Register Replacement - Allow Asynchronous Clear Signal               ; On                 ; On                 ;
; Analysis & Synthesis Message Level                                         ; Medium             ; Medium             ;
; Disable Register Merging Across Hierarchies                                ; Auto               ; Auto               ;
; Resource Aware Inference For Block RAM                                     ; On                 ; On                 ;
+----------------------------------------------------------------------------+--------------------+--------------------+


+---------------------------------+
; Analysis & Elaboration Messages ;
+---------------------------------+
Info: Found 1 design units, including 1 entities, in source file game.bdf
    Info: Found entity 1: Game
Info: Found 1 design units, including 1 entities, in source file leds.bdf
    Info: Found entity 1: LEDs
Info: Found 1 design units, including 1 entities, in source file stoppercontrol.bdf
    Info: Found entity 1: StopperControl
Info: Found 1 design units, including 1 entities, in source file hex_mux.bdf
    Info: Found entity 1: HEX_Mux
Info: Found 1 design units, including 1 entities, in source file memory.bdf
    Info: Found entity 1: Memory
Info: Found 1 design units, including 1 entities, in source file counter.bdf
    Info: Found entity 1: Counter
Info: Found 1 design units, including 1 entities, in source file secgen.bdf
    Info: Found entity 1: SECGEN
Info: Elaborating entity "Game" for the top level hierarchy
Info: Elaborating entity "SECGEN" for hierarchy "SECGEN:inst3"
Warning: Using design file lpm_counter2.tdf, which is not specified as a design file for the current project, but contains definitions for 1 design units and 1 entities in project
    Info: Found entity 1: lpm_counter2
Info: Elaborating entity "lpm_counter2" for hierarchy "SECGEN:inst3|lpm_counter2:inst"
Info: Elaborating entity "lpm_counter" for hierarchy "SECGEN:inst3|lpm_counter2:inst|lpm_counter:lpm_counter_component"
Info: Elaborated megafunction instantiation "SECGEN:inst3|lpm_counter2:inst|lpm_counter:lpm_counter_component"
Info: Instantiated megafunction "SECGEN:inst3|lpm_counter2:inst|lpm_counter:lpm_counter_component" with the following parameter:
    Info: Parameter "LPM_TYPE" = "LPM_COUNTER"
    Info: Parameter "LPM_WIDTH" = "26"
    Info: Parameter "LPM_DIRECTION" = "UP"
    Info: Parameter "LPM_MODULUS" = "50000000"
    Info: Parameter "LPM_PORT_UPDOWN" = "PORT_UNUSED"
Info: Found 1 design units, including 1 entities, in source file db/cntr_gel.tdf
    Info: Found entity 1: cntr_gel
Info: Elaborating entity "cntr_gel" for hierarchy "SECGEN:inst3|lpm_counter2:inst|lpm_counter:lpm_counter_component|cntr_gel:auto_generated"
Info: Found 1 design units, including 1 entities, in source file db/cmpr_5hc.tdf
    Info: Found entity 1: cmpr_5hc
Info: Elaborating entity "cmpr_5hc" for hierarchy "SECGEN:inst3|lpm_counter2:inst|lpm_counter:lpm_counter_component|cntr_gel:auto_generated|cmpr_5hc:cmpr1"
Info: Elaborating entity "StopperControl" for hierarchy "StopperControl:inst8"
Warning: Using design file gozer_up.bdf, which is not specified as a design file for the current project, but contains definitions for 1 design units and 1 entities in project
    Info: Found entity 1: gozer_up
Info: Elaborating entity "gozer_up" for hierarchy "StopperControl:inst8|gozer_up:inst92"
Warning: Using design file hexss.vhd, which is not specified as a design file for the current project, but contains definitions for 2 design units and 1 entities in project
    Info: Found design unit 1: hexss-arc_hexss
    Info: Found entity 1: hexss
Info: Elaborating entity "hexss" for hierarchy "hexss:inst2"
Info: Elaborating entity "HEX_Mux" for hierarchy "HEX_Mux:inst25"
Warning: Using design file mux2.bdf, which is not specified as a design file for the current project, but contains definitions for 1 design units and 1 entities in project
    Info: Found entity 1: mux2
Info: Elaborating entity "mux2" for hierarchy "HEX_Mux:inst25|mux2:inst8"
Info: Elaborating entity "Memory" for hierarchy "Memory:inst9"
Info: Elaborating entity "Counter" for hierarchy "Counter:inst5"
Warning: Using design file lpm_counter0.tdf, which is not specified as a design file for the current project, but contains definitions for 1 design units and 1 entities in project
    Info: Found entity 1: lpm_counter0
Info: Elaborating entity "lpm_counter0" for hierarchy "Counter:inst5|lpm_counter0:inst"
Info: Elaborating entity "lpm_counter" for hierarchy "Counter:inst5|lpm_counter0:inst|lpm_counter:lpm_counter_component"
Info: Elaborated megafunction instantiation "Counter:inst5|lpm_counter0:inst|lpm_counter:lpm_counter_component"
Info: Instantiated megafunction "Counter:inst5|lpm_counter0:inst|lpm_counter:lpm_counter_component" with the following parameter:
    Info: Parameter "LPM_TYPE" = "LPM_COUNTER"
    Info: Parameter "LPM_WIDTH" = "4"
    Info: Parameter "LPM_DIRECTION" = "UP"
    Info: Parameter "LPM_MODULUS" = "10"
    Info: Parameter "LPM_PORT_UPDOWN" = "PORT_UNUSED"
Info: Found 1 design units, including 1 entities, in source file db/cntr_4lk.tdf
    Info: Found entity 1: cntr_4lk
Info: Elaborating entity "cntr_4lk" for hierarchy "Counter:inst5|lpm_counter0:inst|lpm_counter:lpm_counter_component|cntr_4lk:auto_generated"
Info: Found 1 design units, including 1 entities, in source file db/cmpr_hfc.tdf
    Info: Found entity 1: cmpr_hfc
Info: Elaborating entity "cmpr_hfc" for hierarchy "Counter:inst5|lpm_counter0:inst|lpm_counter:lpm_counter_component|cntr_4lk:auto_generated|cmpr_hfc:cmpr1"
Warning: Using design file lpm_counter1.tdf, which is not specified as a design file for the current project, but contains definitions for 1 design units and 1 entities in project
    Info: Found entity 1: lpm_counter1
Info: Elaborating entity "lpm_counter1" for hierarchy "Counter:inst5|lpm_counter1:inst3"
Info: Elaborating entity "lpm_counter" for hierarchy "Counter:inst5|lpm_counter1:inst3|lpm_counter:lpm_counter_component"
Info: Elaborated megafunction instantiation "Counter:inst5|lpm_counter1:inst3|lpm_counter:lpm_counter_component"
Info: Instantiated megafunction "Counter:inst5|lpm_counter1:inst3|lpm_counter:lpm_counter_component" with the following parameter:
    Info: Parameter "LPM_TYPE" = "LPM_COUNTER"
    Info: Parameter "LPM_WIDTH" = "4"
    Info: Parameter "LPM_DIRECTION" = "UP"
    Info: Parameter "LPM_MODULUS" = "6"
    Info: Parameter "LPM_PORT_UPDOWN" = "PORT_UNUSED"
Info: Found 1 design units, including 1 entities, in source file db/cntr_pjk.tdf
    Info: Found entity 1: cntr_pjk
Info: Elaborating entity "cntr_pjk" for hierarchy "Counter:inst5|lpm_counter1:inst3|lpm_counter:lpm_counter_component|cntr_pjk:auto_generated"
Info: Elaborating entity "LEDs" for hierarchy "LEDs:inst1"
Warning: Using design file gozer_du.bdf, which is not specified as a design file for the current project, but contains definitions for 1 design units and 1 entities in project
    Info: Found entity 1: gozer_du
Info: Elaborating entity "gozer_du" for hierarchy "LEDs:inst1|gozer_du:inst28"


