Flow report for Game
Thu Aug 15 15:31:02 2024
Quartus II Version 9.1 Build 350 03/24/2010 Service Pack 2 SJ Web Edition


---------------------
; Table of Contents ;
---------------------
  1. Legal Notice
  2. Flow Summary
  3. Flow Settings
  4. Flow Non-Default Global Settings
  5. Flow Elapsed Time
  6. Flow OS Summary
  7. Flow Log



----------------
; Legal Notice ;
----------------
Copyright (C) 1991-2010 Altera Corporation
Your use of Altera Corporation's design tools, logic functions 
and other software and tools, and its AMPP partner logic 
functions, and any output files from any of the foregoing 
(including device programming or simulation files), and any 
associated documentation or information are expressly subject 
to the terms and conditions of the Altera Program License 
Subscription Agreement, Altera MegaCore Function License 
Agreement, or other applicable license agreement, including, 
without limitation, that your use is for the sole purpose of 
programming logic devices manufactured by Altera and sold by 
Altera or its authorized distributors.  Please refer to the 
applicable agreement for further details.



+-----------------------------------------------------------------------------------+
; Flow Summary                                                                      ;
+------------------------------------+----------------------------------------------+
; Flow Status                        ; Successful - Thu Aug 15 15:31:02 2024        ;
; Quartus II Version                 ; 9.1 Build 350 03/24/2010 SP 2 SJ Web Edition ;
; Revision Name                      ; Game                                         ;
; Top-level Entity Name              ; Game                                         ;
; Family                             ; Cyclone III                                  ;
; Device                             ; EP3C16F484C6                                 ;
; Timing Models                      ; Final                                        ;
; Met timing requirements            ; N/A                                          ;
; Total logic elements               ; 144 / 15,408 ( < 1 % )                       ;
;     Total combinational functions  ; 132 / 15,408 ( < 1 % )                       ;
;     Dedicated logic registers      ; 86 / 15,408 ( < 1 % )                        ;
; Total registers                    ; 86                                           ;
; Total pins                         ; 48 / 347 ( 14 % )                            ;
; Total virtual pins                 ; 0                                            ;
; Total memory bits                  ; 0 / 516,096 ( 0 % )                          ;
; Embedded Multiplier 9-bit elements ; 0 / 112 ( 0 % )                              ;
; Total PLLs                         ; 0 / 4 ( 0 % )                                ;
+------------------------------------+----------------------------------------------+


+-----------------------------------------+
; Flow Settings                           ;
+-------------------+---------------------+
; Option            ; Setting             ;
+-------------------+---------------------+
; Start date & time ; 08/15/2024 15:30:53 ;
; Main task         ; Compilation         ;
; Revision Name     ; Game                ;
+-------------------+---------------------+


+-----------------------------------------------------------------------------------------------------------------------+
; Flow Non-Default Global Settings                                                                                      ;
+------------------------------------+-----------------------------------+---------------+-------------+----------------+
; Assignment Name                    ; Value                             ; Default Value ; Entity Name ; Section Id     ;
+------------------------------------+-----------------------------------+---------------+-------------+----------------+
; COMPILER_SIGNATURE_ID              ; 5025754943169.172372505322320     ; --            ; --          ; --             ;
; EDA_OUTPUT_DATA_FORMAT             ; Vhdl                              ; --            ; --          ; eda_simulation ;
; EDA_SIMULATION_TOOL                ; ModelSim-Altera (VHDL)            ; <None>        ; --          ; --             ;
; MISC_FILE                          ; C:/Quartus Projects/Game/Game.dpf ; --            ; --          ; --             ;
; PARTITION_COLOR                    ; 16764057                          ; --            ; --          ; Top            ;
; PARTITION_NETLIST_TYPE             ; SOURCE                            ; --            ; --          ; Top            ;
; USE_GENERATED_PHYSICAL_CONSTRAINTS ; Off                               ; --            ; --          ; eda_blast_fpga ;
; VERILOG_INPUT_VERSION              ; SystemVerilog_2005                ; Verilog_2001  ; --          ; --             ;
; VHDL_INPUT_VERSION                 ; VHDL_2008                         ; VHDL_1993     ; --          ; --             ;
+------------------------------------+-----------------------------------+---------------+-------------+----------------+


+-------------------------------------------------------------------------------------------------------------------------------+
; Flow Elapsed Time                                                                                                             ;
+---------------------------+--------------+-------------------------+---------------------+------------------------------------+
; Module Name               ; Elapsed Time ; Average Processors Used ; Peak Virtual Memory ; Total CPU Time (on all processors) ;
+---------------------------+--------------+-------------------------+---------------------+------------------------------------+
; Analysis & Synthesis      ; 00:00:01     ; 1.0                     ; 261 MB              ; 00:00:01                           ;
; Fitter                    ; 00:00:03     ; 1.0                     ; 298 MB              ; 00:00:03                           ;
; TimeQuest Timing Analyzer ; 00:00:02     ; 1.0                     ; 263 MB              ; 00:00:01                           ;
; Assembler                 ; 00:00:01     ; 1.0                     ; 239 MB              ; 00:00:01                           ;
; EDA Netlist Writer        ; 00:00:00     ; 1.0                     ; 194 MB              ; 00:00:00                           ;
; Total                     ; 00:00:06     ; --                      ; --                  ; 00:00:05                           ;
+---------------------------+--------------+-------------------------+---------------------+------------------------------------+


+--------------------------------------------------------------------------------------------+
; Flow OS Summary                                                                            ;
+---------------------------+------------------+---------------+------------+----------------+
; Module Name               ; Machine Hostname ; OS Name       ; OS Version ; Processor type ;
+---------------------------+------------------+---------------+------------+----------------+
; Analysis & Synthesis      ; DESKTOP-EE5SDJO  ; Windows Vista ; 6.2        ; x86_64         ;
; Fitter                    ; DESKTOP-EE5SDJO  ; Windows Vista ; 6.2        ; x86_64         ;
; Assembler                 ; DESKTOP-EE5SDJO  ; Windows Vista ; 6.2        ; x86_64         ;
; TimeQuest Timing Analyzer ; DESKTOP-EE5SDJO  ; Windows Vista ; 6.2        ; x86_64         ;
; EDA Netlist Writer        ; DESKTOP-EE5SDJO  ; Windows Vista ; 6.2        ; x86_64         ;
+---------------------------+------------------+---------------+------------+----------------+


------------
; Flow Log ;
------------
quartus_map --read_settings_files=on --write_settings_files=off Game -c Game
quartus_fit --read_settings_files=off --write_settings_files=off Game -c Game
quartus_asm --read_settings_files=off --write_settings_files=off Game -c Game
quartus_sta Game -c Game
quartus_eda --read_settings_files=off --write_settings_files=off Game -c Game



