Analysis & Synthesis report for Game
Thu Aug 15 15:30:54 2024
Quartus II Version 9.1 Build 350 03/24/2010 Service Pack 2 SJ Web Edition


---------------------
; Table of Contents ;
---------------------
  1. Legal Notice
  2. Analysis & Synthesis Summary
  3. Analysis & Synthesis Settings
  4. Parallel Compilation
  5. Analysis & Synthesis Source Files Read
  6. Analysis & Synthesis Resource Usage Summary
  7. Analysis & Synthesis Resource Utilization by Entity
  8. General Register Statistics
  9. Source assignments for SECGEN:inst3|lpm_counter2:inst|lpm_counter:lpm_counter_component
 10. Source assignments for Counter:inst5|lpm_counter0:inst|lpm_counter:lpm_counter_component
 11. Source assignments for Counter:inst5|lpm_counter1:inst3|lpm_counter:lpm_counter_component
 12. Source assignments for Counter:inst|lpm_counter0:inst|lpm_counter:lpm_counter_component
 13. Source assignments for Counter:inst|lpm_counter1:inst3|lpm_counter:lpm_counter_component
 14. Parameter Settings for User Entity Instance: SECGEN:inst3|lpm_counter2:inst|lpm_counter:lpm_counter_component
 15. Parameter Settings for User Entity Instance: Counter:inst5|lpm_counter0:inst|lpm_counter:lpm_counter_component
 16. Parameter Settings for User Entity Instance: Counter:inst5|lpm_counter1:inst3|lpm_counter:lpm_counter_component
 17. Parameter Settings for User Entity Instance: Counter:inst|lpm_counter0:inst|lpm_counter:lpm_counter_component
 18. Parameter Settings for User Entity Instance: Counter:inst|lpm_counter1:inst3|lpm_counter:lpm_counter_component
 19. Analysis & Synthesis Messages



----------------
; Legal Notice ;
----------------
Copyright (C) 1991-2010 Altera Corporation
Your use of Altera Corporation's design tools, logic functions 
and other software and tools, and its AMPP partner logic 
functions, and any output files from any of the foregoing 
(including device programming or simulation files), and any 
associated documentation or information are expressly subject 
to the terms and conditions of the Altera Program License 
Subscription Agreement, Altera MegaCore Function License 
Agreement, or other applicable license agreement, including, 
without limitation, that your use is for the sole purpose of 
programming logic devices manufactured by Altera and sold by 
Altera or its authorized distributors.  Please refer to the 
applicable agreement for further details.



+-----------------------------------------------------------------------------------+
; Analysis & Synthesis Summary                                                      ;
+------------------------------------+----------------------------------------------+
; Analysis & Synthesis Status        ; Successful - Thu Aug 15 15:30:54 2024        ;
; Quartus II Version                 ; 9.1 Build 350 03/24/2010 SP 2 SJ Web Edition ;
; Revision Name                      ; Game                                         ;
; Top-level Entity Name              ; Game                                         ;
; Family                             ; Cyclone III                                  ;
; Total logic elements               ; 166                                          ;
;     Total combinational functions  ; 132                                          ;
;     Dedicated logic registers      ; 86                                           ;
; Total registers                    ; 86                                           ;
; Total pins                         ; 48                                           ;
; Total virtual pins                 ; 0                                            ;
; Total memory bits                  ; 0                                            ;
; Embedded Multiplier 9-bit elements ; 0                                            ;
; Total PLLs                         ; 0                                            ;
+------------------------------------+----------------------------------------------+


+----------------------------------------------------------------------------------------------------------------------+
; Analysis & Synthesis Settings                                                                                        ;
+----------------------------------------------------------------------------+--------------------+--------------------+
; Option                                                                     ; Setting            ; Default Value      ;
+----------------------------------------------------------------------------+--------------------+--------------------+
; Device                                                                     ; EP3C16F484C6       ;                    ;
; Top-level entity name                                                      ; Game               ; Game               ;
; Family name                                                                ; Cyclone III        ; Stratix II         ;
; Verilog Version                                                            ; SystemVerilog_2005 ; Verilog_2001       ;
; VHDL Version                                                               ; VHDL_2008          ; VHDL_1993          ;
; Use Generated Physical Constraints File                                    ; Off                ;                    ;
; Use smart compilation                                                      ; Off                ; Off                ;
; Enable parallel Assembler and TimeQuest Timing Analyzer during compilation ; On                 ; On                 ;
; Enable compact report table                                                ; Off                ; Off                ;
; Restructure Multiplexers                                                   ; Auto               ; Auto               ;
; Create Debugging Nodes for IP Cores                                        ; Off                ; Off                ;
; Preserve fewer node names                                                  ; On                 ; On                 ;
; Disable OpenCore Plus hardware evaluation                                  ; Off                ; Off                ;
; State Machine Processing                                                   ; Auto               ; Auto               ;
; Safe State Machine                                                         ; Off                ; Off                ;
; Extract Verilog State Machines                                             ; On                 ; On                 ;
; Extract VHDL State Machines                                                ; On                 ; On                 ;
; Ignore Verilog initial constructs                                          ; Off                ; Off                ;
; Iteration limit for constant Verilog loops                                 ; 5000               ; 5000               ;
; Iteration limit for non-constant Verilog loops                             ; 250                ; 250                ;
; Add Pass-Through Logic to Inferred RAMs                                    ; On                 ; On                 ;
; Parallel Synthesis                                                         ; On                 ; On                 ;
; DSP Block Balancing                                                        ; Auto               ; Auto               ;
; NOT Gate Push-Back                                                         ; On                 ; On                 ;
; Power-Up Don't Care                                                        ; On                 ; On                 ;
; Remove Redundant Logic Cells                                               ; Off                ; Off                ;
; Remove Duplicate Registers                                                 ; On                 ; On                 ;
; Ignore CARRY Buffers                                                       ; Off                ; Off                ;
; Ignore CASCADE Buffers                                                     ; Off                ; Off                ;
; Ignore GLOBAL Buffers                                                      ; Off                ; Off                ;
; Ignore ROW GLOBAL Buffers                                                  ; Off                ; Off                ;
; Ignore LCELL Buffers                                                       ; Off                ; Off                ;
; Ignore SOFT Buffers                                                        ; On                 ; On                 ;
; Limit AHDL Integers to 32 Bits                                             ; Off                ; Off                ;
; Optimization Technique                                                     ; Balanced           ; Balanced           ;
; Carry Chain Length                                                         ; 70                 ; 70                 ;
; Auto Carry Chains                                                          ; On                 ; On                 ;
; Auto Open-Drain Pins                                                       ; On                 ; On                 ;
; Perform WYSIWYG Primitive Resynthesis                                      ; Off                ; Off                ;
; Auto ROM Replacement                                                       ; On                 ; On                 ;
; Auto RAM Replacement                                                       ; On                 ; On                 ;
; Auto DSP Block Replacement                                                 ; On                 ; On                 ;
; Auto Shift Register Replacement                                            ; Auto               ; Auto               ;
; Auto Clock Enable Replacement                                              ; On                 ; On                 ;
; Strict RAM Replacement                                                     ; Off                ; Off                ;
; Allow Synchronous Control Signals                                          ; On                 ; On                 ;
; Force Use of Synchronous Clear Signals                                     ; Off                ; Off                ;
; Auto RAM Block Balancing                                                   ; On                 ; On                 ;
; Auto RAM to Logic Cell Conversion                                          ; Off                ; Off                ;
; Auto Resource Sharing                                                      ; Off                ; Off                ;
; Allow Any RAM Size For Recognition                                         ; Off                ; Off                ;
; Allow Any ROM Size For Recognition                                         ; Off                ; Off                ;
; Allow Any Shift Register Size For Recognition                              ; Off                ; Off                ;
; Use LogicLock Constraints during Resource Balancing                        ; On                 ; On                 ;
; Ignore translate_off and synthesis_off directives                          ; Off                ; Off                ;
; Timing-Driven Synthesis                                                    ; On                 ; On                 ;
; Show Parameter Settings Tables in Synthesis Report                         ; On                 ; On                 ;
; Ignore Maximum Fan-Out Assignments                                         ; Off                ; Off                ;
; Synchronization Register Chain Length                                      ; 2                  ; 2                  ;
; PowerPlay Power Optimization                                               ; Normal compilation ; Normal compilation ;
; HDL message level                                                          ; Level2             ; Level2             ;
; Suppress Register Optimization Related Messages                            ; Off                ; Off                ;
; Number of Removed Registers Reported in Synthesis Report                   ; 5000               ; 5000               ;
; Number of Inverted Registers Reported in Synthesis Report                  ; 100                ; 100                ;
; Clock MUX Protection                                                       ; On                 ; On                 ;
; Auto Gated Clock Conversion                                                ; Off                ; Off                ;
; Block Design Naming                                                        ; Auto               ; Auto               ;
; SDC constraint protection                                                  ; Off                ; Off                ;
; Synthesis Effort                                                           ; Auto               ; Auto               ;
; Shift Register Replacement - Allow Asynchronous Clear Signal               ; On                 ; On                 ;
; Analysis & Synthesis Message Level                                         ; Medium             ; Medium             ;
; Disable Register Merging Across Hierarchies                                ; Auto               ; Auto               ;
; Resource Aware Inference For Block RAM                                     ; On                 ; On                 ;
+----------------------------------------------------------------------------+--------------------+--------------------+


Parallel compilation was disabled, but you have multiple processors available. Enable parallel compilation to reduce compilation time.
+-------------------------------------+
; Parallel Compilation                ;
+----------------------------+--------+
; Processors                 ; Number ;
+----------------------------+--------+
; Number detected on machine ; 8      ;
; Maximum allowed            ; 1      ;
+----------------------------+--------+


+-----------------------------------------------------------------------------------------------------------------------------------------------------------------+
; Analysis & Synthesis Source Files Read                                                                                                                          ;
+----------------------------------+-----------------+------------------------------------------+-----------------------------------------------------------------+
; File Name with User-Entered Path ; Used in Netlist ; File Type                                ; File Name with Absolute Path                                    ;
+----------------------------------+-----------------+------------------------------------------+-----------------------------------------------------------------+
; Game.bdf                         ; yes             ; User Block Diagram/Schematic File        ; C:/Quartus Projects/Game/Game.bdf                               ;
; LEDs.bdf                         ; yes             ; User Block Diagram/Schematic File        ; C:/Quartus Projects/Game/LEDs.bdf                               ;
; StopperControl.bdf               ; yes             ; User Block Diagram/Schematic File        ; C:/Quartus Projects/Game/StopperControl.bdf                     ;
; HEX_Mux.bdf                      ; yes             ; User Block Diagram/Schematic File        ; C:/Quartus Projects/Game/HEX_Mux.bdf                            ;
; Memory.bdf                       ; yes             ; User Block Diagram/Schematic File        ; C:/Quartus Projects/Game/Memory.bdf                             ;
; Counter.bdf                      ; yes             ; User Block Diagram/Schematic File        ; C:/Quartus Projects/Game/Counter.bdf                            ;
; SECGEN.bdf                       ; yes             ; User Block Diagram/Schematic File        ; C:/Quartus Projects/Game/SECGEN.bdf                             ;
; lpm_counter2.tdf                 ; yes             ; Auto-Found Wizard-Generated File         ; C:/Quartus Projects/Game/lpm_counter2.tdf                       ;
; lpm_counter.inc                  ; yes             ; Megafunction                             ; c:/altera/91sp2/quartus/libraries/megafunctions/lpm_counter.inc ;
; lpm_counter.tdf                  ; yes             ; Megafunction                             ; c:/altera/91sp2/quartus/libraries/megafunctions/lpm_counter.tdf ;
; db/cntr_gel.tdf                  ; yes             ; Auto-Generated Megafunction              ; C:/Quartus Projects/Game/db/cntr_gel.tdf                        ;
; db/cmpr_5hc.tdf                  ; yes             ; Auto-Generated Megafunction              ; C:/Quartus Projects/Game/db/cmpr_5hc.tdf                        ;
; gozer_up.bdf                     ; yes             ; Auto-Found Block Diagram/Schematic File  ; C:/Quartus Projects/Game/gozer_up.bdf                           ;
; hexss.vhd                        ; yes             ; Auto-Found VHDL File                     ; C:/Quartus Projects/Game/hexss.vhd                              ;
; mux2.bdf                         ; yes             ; Auto-Found Block Diagram/Schematic File  ; C:/Quartus Projects/Game/mux2.bdf                               ;
; lpm_counter0.tdf                 ; yes             ; Auto-Found Wizard-Generated File         ; C:/Quartus Projects/Game/lpm_counter0.tdf                       ;
; db/cntr_4lk.tdf                  ; yes             ; Auto-Generated Megafunction              ; C:/Quartus Projects/Game/db/cntr_4lk.tdf                        ;
; db/cmpr_hfc.tdf                  ; yes             ; Auto-Generated Megafunction              ; C:/Quartus Projects/Game/db/cmpr_hfc.tdf                        ;
; lpm_counter1.tdf                 ; yes             ; Auto-Found Wizard-Generated File         ; C:/Quartus Projects/Game/lpm_counter1.tdf                       ;
; db/cntr_pjk.tdf                  ; yes             ; Auto-Generated Megafunction              ; C:/Quartus Projects/Game/db/cntr_pjk.tdf                        ;
; gozer_du.bdf                     ; yes             ; Auto-Found Block Diagram/Schematic File  ; C:/Quartus Projects/Game/gozer_du.bdf                           ;
+----------------------------------+-----------------+------------------------------------------+-----------------------------------------------------------------+


+-----------------------------------------------------------------+
; Analysis & Synthesis Resource Usage Summary                     ;
+---------------------------------------------+-------------------+
; Resource                                    ; Usage             ;
+---------------------------------------------+-------------------+
; Estimated Total logic elements              ; 166               ;
;                                             ;                   ;
; Total combinational functions               ; 132               ;
; Logic element usage by number of LUT inputs ;                   ;
;     -- 4 input functions                    ; 53                ;
;     -- 3 input functions                    ; 19                ;
;     -- <=2 input functions                  ; 60                ;
;                                             ;                   ;
; Logic elements by mode                      ;                   ;
;     -- normal mode                          ; 90                ;
;     -- arithmetic mode                      ; 42                ;
;                                             ;                   ;
; Total registers                             ; 86                ;
;     -- Dedicated logic registers            ; 86                ;
;     -- I/O registers                        ; 0                 ;
;                                             ;                   ;
; I/O pins                                    ; 48                ;
; Maximum fan-out node                        ; STOPPER_CLK~input ;
; Maximum fan-out                             ; 52                ;
; Total fan-out                               ; 799               ;
; Average fan-out                             ; 2.54              ;
+---------------------------------------------+-------------------+


+-------------------------------------------------------------------------------------------------------------------------------------------------------------------------------------------------------------------------------------------------------------------------------------------+
; Analysis & Synthesis Resource Utilization by Entity                                                                                                                                                                                                                                       ;
+----------------------------------------------+-------------------+--------------+-------------+--------------+---------+-----------+------+--------------+-----------------------------------------------------------------------------------------------------------------+--------------+
; Compilation Hierarchy Node                   ; LC Combinationals ; LC Registers ; Memory Bits ; DSP Elements ; DSP 9x9 ; DSP 18x18 ; Pins ; Virtual Pins ; Full Hierarchy Name                                                                                             ; Library Name ;
+----------------------------------------------+-------------------+--------------+-------------+--------------+---------+-----------+------+--------------+-----------------------------------------------------------------------------------------------------------------+--------------+
; |Game                                        ; 132 (1)           ; 86 (0)       ; 0           ; 0            ; 0       ; 0         ; 48   ; 0            ; |Game                                                                                                           ; work         ;
;    |Counter:inst5|                           ; 14 (0)            ; 8 (0)        ; 0           ; 0            ; 0       ; 0         ; 0    ; 0            ; |Game|Counter:inst5                                                                                             ;              ;
;       |lpm_counter0:inst|                    ; 7 (0)             ; 4 (0)        ; 0           ; 0            ; 0       ; 0         ; 0    ; 0            ; |Game|Counter:inst5|lpm_counter0:inst                                                                           ;              ;
;          |lpm_counter:lpm_counter_component| ; 7 (0)             ; 4 (0)        ; 0           ; 0            ; 0       ; 0         ; 0    ; 0            ; |Game|Counter:inst5|lpm_counter0:inst|lpm_counter:lpm_counter_component                                         ;              ;
;             |cntr_4lk:auto_generated|        ; 7 (6)             ; 4 (4)        ; 0           ; 0            ; 0       ; 0         ; 0    ; 0            ; |Game|Counter:inst5|lpm_counter0:inst|lpm_counter:lpm_counter_component|cntr_4lk:auto_generated                 ;              ;
;                |cmpr_hfc:cmpr1|              ; 1 (1)             ; 0 (0)        ; 0           ; 0            ; 0       ; 0         ; 0    ; 0            ; |Game|Counter:inst5|lpm_counter0:inst|lpm_counter:lpm_counter_component|cntr_4lk:auto_generated|cmpr_hfc:cmpr1  ;              ;
;       |lpm_counter1:inst3|                   ; 7 (0)             ; 4 (0)        ; 0           ; 0            ; 0       ; 0         ; 0    ; 0            ; |Game|Counter:inst5|lpm_counter1:inst3                                                                          ;              ;
;          |lpm_counter:lpm_counter_component| ; 7 (0)             ; 4 (0)        ; 0           ; 0            ; 0       ; 0         ; 0    ; 0            ; |Game|Counter:inst5|lpm_counter1:inst3|lpm_counter:lpm_counter_component                                        ;              ;
;             |cntr_pjk:auto_generated|        ; 7 (6)             ; 4 (4)        ; 0           ; 0            ; 0       ; 0         ; 0    ; 0            ; |Game|Counter:inst5|lpm_counter1:inst3|lpm_counter:lpm_counter_component|cntr_pjk:auto_generated                ;              ;
;                |cmpr_hfc:cmpr1|              ; 1 (1)             ; 0 (0)        ; 0           ; 0            ; 0       ; 0         ; 0    ; 0            ; |Game|Counter:inst5|lpm_counter1:inst3|lpm_counter:lpm_counter_component|cntr_pjk:auto_generated|cmpr_hfc:cmpr1 ;              ;
;    |Counter:inst|                            ; 16 (2)            ; 9 (1)        ; 0           ; 0            ; 0       ; 0         ; 0    ; 0            ; |Game|Counter:inst                                                                                              ;              ;
;       |lpm_counter0:inst|                    ; 7 (0)             ; 4 (0)        ; 0           ; 0            ; 0       ; 0         ; 0    ; 0            ; |Game|Counter:inst|lpm_counter0:inst                                                                            ;              ;
;          |lpm_counter:lpm_counter_component| ; 7 (0)             ; 4 (0)        ; 0           ; 0            ; 0       ; 0         ; 0    ; 0            ; |Game|Counter:inst|lpm_counter0:inst|lpm_counter:lpm_counter_component                                          ;              ;
;             |cntr_4lk:auto_generated|        ; 7 (6)             ; 4 (4)        ; 0           ; 0            ; 0       ; 0         ; 0    ; 0            ; |Game|Counter:inst|lpm_counter0:inst|lpm_counter:lpm_counter_component|cntr_4lk:auto_generated                  ;              ;
;                |cmpr_hfc:cmpr1|              ; 1 (1)             ; 0 (0)        ; 0           ; 0            ; 0       ; 0         ; 0    ; 0            ; |Game|Counter:inst|lpm_counter0:inst|lpm_counter:lpm_counter_component|cntr_4lk:auto_generated|cmpr_hfc:cmpr1   ;              ;
;       |lpm_counter1:inst3|                   ; 7 (0)             ; 4 (0)        ; 0           ; 0            ; 0       ; 0         ; 0    ; 0            ; |Game|Counter:inst|lpm_counter1:inst3                                                                           ;              ;
;          |lpm_counter:lpm_counter_component| ; 7 (0)             ; 4 (0)        ; 0           ; 0            ; 0       ; 0         ; 0    ; 0            ; |Game|Counter:inst|lpm_counter1:inst3|lpm_counter:lpm_counter_component                                         ;              ;
;             |cntr_pjk:auto_generated|        ; 7 (6)             ; 4 (4)        ; 0           ; 0            ; 0       ; 0         ; 0    ; 0            ; |Game|Counter:inst|lpm_counter1:inst3|lpm_counter:lpm_counter_component|cntr_pjk:auto_generated                 ;              ;
;                |cmpr_hfc:cmpr1|              ; 1 (1)             ; 0 (0)        ; 0           ; 0            ; 0       ; 0         ; 0    ; 0            ; |Game|Counter:inst|lpm_counter1:inst3|lpm_counter:lpm_counter_component|cntr_pjk:auto_generated|cmpr_hfc:cmpr1  ;              ;
;    |HEX_Mux:inst25|                          ; 16 (0)            ; 0 (0)        ; 0           ; 0            ; 0       ; 0         ; 0    ; 0            ; |Game|HEX_Mux:inst25                                                                                            ;              ;
;       |mux2:inst10|                          ; 1 (1)             ; 0 (0)        ; 0           ; 0            ; 0       ; 0         ; 0    ; 0            ; |Game|HEX_Mux:inst25|mux2:inst10                                                                                ;              ;
;       |mux2:inst11|                          ; 1 (1)             ; 0 (0)        ; 0           ; 0            ; 0       ; 0         ; 0    ; 0            ; |Game|HEX_Mux:inst25|mux2:inst11                                                                                ;              ;
;       |mux2:inst12|                          ; 1 (1)             ; 0 (0)        ; 0           ; 0            ; 0       ; 0         ; 0    ; 0            ; |Game|HEX_Mux:inst25|mux2:inst12                                                                                ;              ;
;       |mux2:inst13|                          ; 1 (1)             ; 0 (0)        ; 0           ; 0            ; 0       ; 0         ; 0    ; 0            ; |Game|HEX_Mux:inst25|mux2:inst13                                                                                ;              ;
;       |mux2:inst14|                          ; 1 (1)             ; 0 (0)        ; 0           ; 0            ; 0       ; 0         ; 0    ; 0            ; |Game|HEX_Mux:inst25|mux2:inst14                                                                                ;              ;
;       |mux2:inst15|                          ; 1 (1)             ; 0 (0)        ; 0           ; 0            ; 0       ; 0         ; 0    ; 0            ; |Game|HEX_Mux:inst25|mux2:inst15                                                                                ;              ;
;       |mux2:inst1|                           ; 1 (1)             ; 0 (0)        ; 0           ; 0            ; 0       ; 0         ; 0    ; 0            ; |Game|HEX_Mux:inst25|mux2:inst1                                                                                 ;              ;
;       |mux2:inst2|                           ; 1 (1)             ; 0 (0)        ; 0           ; 0            ; 0       ; 0         ; 0    ; 0            ; |Game|HEX_Mux:inst25|mux2:inst2                                                                                 ;              ;
;       |mux2:inst3|                           ; 1 (1)             ; 0 (0)        ; 0           ; 0            ; 0       ; 0         ; 0    ; 0            ; |Game|HEX_Mux:inst25|mux2:inst3                                                                                 ;              ;
;       |mux2:inst4|                           ; 1 (1)             ; 0 (0)        ; 0           ; 0            ; 0       ; 0         ; 0    ; 0            ; |Game|HEX_Mux:inst25|mux2:inst4                                                                                 ;              ;
;       |mux2:inst5|                           ; 1 (1)             ; 0 (0)        ; 0           ; 0            ; 0       ; 0         ; 0    ; 0            ; |Game|HEX_Mux:inst25|mux2:inst5                                                                                 ;              ;
;       |mux2:inst6|                           ; 1 (1)             ; 0 (0)        ; 0           ; 0            ; 0       ; 0         ; 0    ; 0            ; |Game|HEX_Mux:inst25|mux2:inst6                                                                                 ;              ;
;       |mux2:inst7|                           ; 1 (1)             ; 0 (0)        ; 0           ; 0            ; 0       ; 0         ; 0    ; 0            ; |Game|HEX_Mux:inst25|mux2:inst7                                                                                 ;              ;
;       |mux2:inst8|                           ; 1 (1)             ; 0 (0)        ; 0           ; 0            ; 0       ; 0         ; 0    ; 0            ; |Game|HEX_Mux:inst25|mux2:inst8                                                                                 ;              ;
;       |mux2:inst9|                           ; 1 (1)             ; 0 (0)        ; 0           ; 0            ; 0       ; 0         ; 0    ; 0            ; |Game|HEX_Mux:inst25|mux2:inst9                                                                                 ;              ;
;       |mux2:inst|                            ; 1 (1)             ; 0 (0)        ; 0           ; 0            ; 0       ; 0         ; 0    ; 0            ; |Game|HEX_Mux:inst25|mux2:inst                                                                                  ;              ;
;    |LEDs:inst1|                              ; 13 (11)           ; 22 (6)       ; 0           ; 0            ; 0       ; 0         ; 0    ; 0            ; |Game|LEDs:inst1                                                                                                ;              ;
;       |gozer_du:inst20|                      ; 0 (0)             ; 2 (2)        ; 0           ; 0            ; 0       ; 0         ; 0    ; 0            ; |Game|LEDs:inst1|gozer_du:inst20                                                                                ;              ;
;       |gozer_du:inst22|                      ; 0 (0)             ; 2 (2)        ; 0           ; 0            ; 0       ; 0         ; 0    ; 0            ; |Game|LEDs:inst1|gozer_du:inst22                                                                                ; work         ;
;       |gozer_du:inst24|                      ; 1 (1)             ; 2 (2)        ; 0           ; 0            ; 0       ; 0         ; 0    ; 0            ; |Game|LEDs:inst1|gozer_du:inst24                                                                                ;              ;
;       |gozer_du:inst26|                      ; 0 (0)             ; 2 (2)        ; 0           ; 0            ; 0       ; 0         ; 0    ; 0            ; |Game|LEDs:inst1|gozer_du:inst26                                                                                ;              ;
;       |gozer_du:inst28|                      ; 0 (0)             ; 2 (2)        ; 0           ; 0            ; 0       ; 0         ; 0    ; 0            ; |Game|LEDs:inst1|gozer_du:inst28                                                                                ;              ;
;       |gozer_du:inst30|                      ; 0 (0)             ; 2 (2)        ; 0           ; 0            ; 0       ; 0         ; 0    ; 0            ; |Game|LEDs:inst1|gozer_du:inst30                                                                                ;              ;
;       |gozer_du:inst32|                      ; 1 (1)             ; 2 (2)        ; 0           ; 0            ; 0       ; 0         ; 0    ; 0            ; |Game|LEDs:inst1|gozer_du:inst32                                                                                ; work         ;
;       |gozer_du:inst34|                      ; 0 (0)             ; 2 (2)        ; 0           ; 0            ; 0       ; 0         ; 0    ; 0            ; |Game|LEDs:inst1|gozer_du:inst34                                                                                ;              ;
;    |Memory:inst9|                            ; 0 (0)             ; 16 (16)      ; 0           ; 0            ; 0       ; 0         ; 0    ; 0            ; |Game|Memory:inst9                                                                                              ;              ;
;    |SECGEN:inst3|                            ; 37 (0)            ; 26 (0)       ; 0           ; 0            ; 0       ; 0         ; 0    ; 0            ; |Game|SECGEN:inst3                                                                                              ;              ;
;       |lpm_counter2:inst|                    ; 37 (0)            ; 26 (0)       ; 0           ; 0            ; 0       ; 0         ; 0    ; 0            ; |Game|SECGEN:inst3|lpm_counter2:inst                                                                            ;              ;
;          |lpm_counter:lpm_counter_component| ; 37 (0)            ; 26 (0)       ; 0           ; 0            ; 0       ; 0         ; 0    ; 0            ; |Game|SECGEN:inst3|lpm_counter2:inst|lpm_counter:lpm_counter_component                                          ;              ;
;             |cntr_gel:auto_generated|        ; 37 (29)           ; 26 (26)      ; 0           ; 0            ; 0       ; 0         ; 0    ; 0            ; |Game|SECGEN:inst3|lpm_counter2:inst|lpm_counter:lpm_counter_component|cntr_gel:auto_generated                  ;              ;
;                |cmpr_5hc:cmpr1|              ; 8 (8)             ; 0 (0)        ; 0           ; 0            ; 0       ; 0         ; 0    ; 0            ; |Game|SECGEN:inst3|lpm_counter2:inst|lpm_counter:lpm_counter_component|cntr_gel:auto_generated|cmpr_5hc:cmpr1   ;              ;
;    |StopperControl:inst8|                    ; 7 (5)             ; 5 (1)        ; 0           ; 0            ; 0       ; 0         ; 0    ; 0            ; |Game|StopperControl:inst8                                                                                      ;              ;
;       |gozer_up:inst49|                      ; 1 (1)             ; 2 (2)        ; 0           ; 0            ; 0       ; 0         ; 0    ; 0            ; |Game|StopperControl:inst8|gozer_up:inst49                                                                      ;              ;
;       |gozer_up:inst92|                      ; 1 (1)             ; 2 (2)        ; 0           ; 0            ; 0       ; 0         ; 0    ; 0            ; |Game|StopperControl:inst8|gozer_up:inst92                                                                      ;              ;
;    |hexss:inst2|                             ; 7 (7)             ; 0 (0)        ; 0           ; 0            ; 0       ; 0         ; 0    ; 0            ; |Game|hexss:inst2                                                                                               ;              ;
;    |hexss:inst4|                             ; 7 (7)             ; 0 (0)        ; 0           ; 0            ; 0       ; 0         ; 0    ; 0            ; |Game|hexss:inst4                                                                                               ;              ;
;    |hexss:inst6|                             ; 7 (7)             ; 0 (0)        ; 0           ; 0            ; 0       ; 0         ; 0    ; 0            ; |Game|hexss:inst6                                                                                               ;              ;
;    |hexss:inst7|                             ; 7 (7)             ; 0 (0)        ; 0           ; 0            ; 0       ; 0         ; 0    ; 0            ; |Game|hexss:inst7                                                                                               ;              ;
+----------------------------------------------+-------------------+--------------+-------------+--------------+---------+-----------+------+--------------+-----------------------------------------------------------------------------------------------------------------+--------------+
Note: For table entries with two numbers listed, the numbers in parentheses indicate the number of resources of the given type used by the specific entity alone. The numbers listed outside of parentheses indicate the total resources of the given type used by the specific entity and all of its sub-entities in the hierarchy.


+------------------------------------------------------+
; General Register Statistics                          ;
+----------------------------------------------+-------+
; Statistic                                    ; Value ;
+----------------------------------------------+-------+
; Total registers                              ; 86    ;
; Number of registers using Synchronous Clear  ; 0     ;
; Number of registers using Synchronous Load   ; 42    ;
; Number of registers using Asynchronous Clear ; 69    ;
; Number of registers using Asynchronous Load  ; 0     ;
; Number of registers using Clock Enable       ; 16    ;
; Number of registers using Preset             ; 0     ;
+----------------------------------------------+-------+


+-----------------------------------------------------------------------------------------+
; Source assignments for SECGEN:inst3|lpm_counter2:inst|lpm_counter:lpm_counter_component ;
+---------------------------+-------+------+----------------------------------------------+
; Assignment                ; Value ; From ; To                                           ;
+---------------------------+-------+------+----------------------------------------------+
; SUPPRESS_DA_RULE_INTERNAL ; a101  ; -    ; -                                            ;
; SUPPRESS_DA_RULE_INTERNAL ; s102  ; -    ; -                                            ;
; SUPPRESS_DA_RULE_INTERNAL ; s103  ; -    ; -                                            ;
+---------------------------+-------+------+----------------------------------------------+


+------------------------------------------------------------------------------------------+
; Source assignments for Counter:inst5|lpm_counter0:inst|lpm_counter:lpm_counter_component ;
+---------------------------+-------+------+-----------------------------------------------+
; Assignment                ; Value ; From ; To                                            ;
+---------------------------+-------+------+-----------------------------------------------+
; SUPPRESS_DA_RULE_INTERNAL ; a101  ; -    ; -                                             ;
; SUPPRESS_DA_RULE_INTERNAL ; s102  ; -    ; -                                             ;
; SUPPRESS_DA_RULE_INTERNAL ; s103  ; -    ; -                                             ;
+---------------------------+-------+------+-----------------------------------------------+


+-------------------------------------------------------------------------------------------+
; Source assignments for Counter:inst5|lpm_counter1:inst3|lpm_counter:lpm_counter_component ;
+---------------------------+-------+------+------------------------------------------------+
; Assignment                ; Value ; From ; To                                             ;
+---------------------------+-------+------+------------------------------------------------+
; SUPPRESS_DA_RULE_INTERNAL ; a101  ; -    ; -                                              ;
; SUPPRESS_DA_RULE_INTERNAL ; s102  ; -    ; -                                              ;
; SUPPRESS_DA_RULE_INTERNAL ; s103  ; -    ; -                                              ;
+---------------------------+-------+------+------------------------------------------------+


+-----------------------------------------------------------------------------------------+
; Source assignments for Counter:inst|lpm_counter0:inst|lpm_counter:lpm_counter_component ;
+---------------------------+-------+------+----------------------------------------------+
; Assignment                ; Value ; From ; To                                           ;
+---------------------------+-------+------+----------------------------------------------+
; SUPPRESS_DA_RULE_INTERNAL ; a101  ; -    ; -                                            ;
; SUPPRESS_DA_RULE_INTERNAL ; s102  ; -    ; -                                            ;
; SUPPRESS_DA_RULE_INTERNAL ; s103  ; -    ; -                                            ;
+---------------------------+-------+------+----------------------------------------------+


+------------------------------------------------------------------------------------------+
; Source assignments for Counter:inst|lpm_counter1:inst3|lpm_counter:lpm_counter_component ;
+---------------------------+-------+------+-----------------------------------------------+
; Assignment                ; Value ; From ; To                                            ;
+---------------------------+-------+------+-----------------------------------------------+
; SUPPRESS_DA_RULE_INTERNAL ; a101  ; -    ; -                                             ;
; SUPPRESS_DA_RULE_INTERNAL ; s102  ; -    ; -                                             ;
; SUPPRESS_DA_RULE_INTERNAL ; s103  ; -    ; -                                             ;
+---------------------------+-------+------+-----------------------------------------------+


+---------------------------------------------------------------------------------------------------------------+
; Parameter Settings for User Entity Instance: SECGEN:inst3|lpm_counter2:inst|lpm_counter:lpm_counter_component ;
+------------------------+-------------+------------------------------------------------------------------------+
; Parameter Name         ; Value       ; Type                                                                   ;
+------------------------+-------------+------------------------------------------------------------------------+
; AUTO_CARRY_CHAINS      ; ON          ; AUTO_CARRY                                                             ;
; IGNORE_CARRY_BUFFERS   ; OFF         ; IGNORE_CARRY                                                           ;
; AUTO_CASCADE_CHAINS    ; ON          ; AUTO_CASCADE                                                           ;
; IGNORE_CASCADE_BUFFERS ; OFF         ; IGNORE_CASCADE                                                         ;
; LPM_WIDTH              ; 26          ; Untyped                                                                ;
; LPM_DIRECTION          ; UP          ; Untyped                                                                ;
; LPM_MODULUS            ; 50000000    ; Untyped                                                                ;
; LPM_AVALUE             ; UNUSED      ; Untyped                                                                ;
; LPM_SVALUE             ; UNUSED      ; Untyped                                                                ;
; LPM_PORT_UPDOWN        ; PORT_UNUSED ; Untyped                                                                ;
; DEVICE_FAMILY          ; Cyclone III ; Untyped                                                                ;
; CARRY_CHAIN            ; MANUAL      ; Untyped                                                                ;
; CARRY_CHAIN_LENGTH     ; 48          ; CARRY_CHAIN_LENGTH                                                     ;
; NOT_GATE_PUSH_BACK     ; ON          ; NOT_GATE_PUSH_BACK                                                     ;
; CARRY_CNT_EN           ; SMART       ; Untyped                                                                ;
; LABWIDE_SCLR           ; ON          ; Untyped                                                                ;
; USE_NEW_VERSION        ; TRUE        ; Untyped                                                                ;
; CBXI_PARAMETER         ; cntr_gel    ; Untyped                                                                ;
+------------------------+-------------+------------------------------------------------------------------------+
Note: In order to hide this table in the UI and the text report file, please set the "Show Parameter Settings Tables in Synthesis Report" option in "Analysis and Synthesis Settings -> More Settings" to "Off".


+----------------------------------------------------------------------------------------------------------------+
; Parameter Settings for User Entity Instance: Counter:inst5|lpm_counter0:inst|lpm_counter:lpm_counter_component ;
+------------------------+-------------+-------------------------------------------------------------------------+
; Parameter Name         ; Value       ; Type                                                                    ;
+------------------------+-------------+-------------------------------------------------------------------------+
; AUTO_CARRY_CHAINS      ; ON          ; AUTO_CARRY                                                              ;
; IGNORE_CARRY_BUFFERS   ; OFF         ; IGNORE_CARRY                                                            ;
; AUTO_CASCADE_CHAINS    ; ON          ; AUTO_CASCADE                                                            ;
; IGNORE_CASCADE_BUFFERS ; OFF         ; IGNORE_CASCADE                                                          ;
; LPM_WIDTH              ; 4           ; Untyped                                                                 ;
; LPM_DIRECTION          ; UP          ; Untyped                                                                 ;
; LPM_MODULUS            ; 10          ; Untyped                                                                 ;
; LPM_AVALUE             ; UNUSED      ; Untyped                                                                 ;
; LPM_SVALUE             ; UNUSED      ; Untyped                                                                 ;
; LPM_PORT_UPDOWN        ; PORT_UNUSED ; Untyped                                                                 ;
; DEVICE_FAMILY          ; Cyclone III ; Untyped                                                                 ;
; CARRY_CHAIN            ; MANUAL      ; Untyped                                                                 ;
; CARRY_CHAIN_LENGTH     ; 48          ; CARRY_CHAIN_LENGTH                                                      ;
; NOT_GATE_PUSH_BACK     ; ON          ; NOT_GATE_PUSH_BACK                                                      ;
; CARRY_CNT_EN           ; SMART       ; Untyped                                                                 ;
; LABWIDE_SCLR           ; ON          ; Untyped                                                                 ;
; USE_NEW_VERSION        ; TRUE        ; Untyped                                                                 ;
; CBXI_PARAMETER         ; cntr_4lk    ; Untyped                                                                 ;
+------------------------+-------------+-------------------------------------------------------------------------+
Note: In order to hide this table in the UI and the text report file, please set the "Show Parameter Settings Tables in Synthesis Report" option in "Analysis and Synthesis Settings -> More Settings" to "Off".


+-----------------------------------------------------------------------------------------------------------------+
; Parameter Settings for User Entity Instance: Counter:inst5|lpm_counter1:inst3|lpm_counter:lpm_counter_component ;
+------------------------+-------------+--------------------------------------------------------------------------+
; Parameter Name         ; Value       ; Type                                                                     ;
+------------------------+-------------+--------------------------------------------------------------------------+
; AUTO_CARRY_CHAINS      ; ON          ; AUTO_CARRY                                                               ;
; IGNORE_CARRY_BUFFERS   ; OFF         ; IGNORE_CARRY                                                             ;
; AUTO_CASCADE_CHAINS    ; ON          ; AUTO_CASCADE                                                             ;
; IGNORE_CASCADE_BUFFERS ; OFF         ; IGNORE_CASCADE                                                           ;
; LPM_WIDTH              ; 4           ; Untyped                                                                  ;
; LPM_DIRECTION          ; UP          ; Untyped                                                                  ;
; LPM_MODULUS            ; 6           ; Untyped                                                                  ;
; LPM_AVALUE             ; UNUSED      ; Untyped                                                                  ;
; LPM_SVALUE             ; UNUSED      ; Untyped                                                                  ;
; LPM_PORT_UPDOWN        ; PORT_UNUSED ; Untyped                                                                  ;
; DEVICE_FAMILY          ; Cyclone III ; Untyped                                                                  ;
; CARRY_CHAIN            ; MANUAL      ; Untyped                                                                  ;
; CARRY_CHAIN_LENGTH     ; 48          ; CARRY_CHAIN_LENGTH                                                       ;
; NOT_GATE_PUSH_BACK     ; ON          ; NOT_GATE_PUSH_BACK                                                       ;
; CARRY_CNT_EN           ; SMART       ; Untyped                                                                  ;
; LABWIDE_SCLR           ; ON          ; Untyped                                                                  ;
; USE_NEW_VERSION        ; TRUE        ; Untyped                                                                  ;
; CBXI_PARAMETER         ; cntr_pjk    ; Untyped                                                                  ;
+------------------------+-------------+--------------------------------------------------------------------------+
Note: In order to hide this table in the UI and the text report file, please set the "Show Parameter Settings Tables in Synthesis Report" option in "Analysis and Synthesis Settings -> More Settings" to "Off".


+---------------------------------------------------------------------------------------------------------------+
; Parameter Settings for User Entity Instance: Counter:inst|lpm_counter0:inst|lpm_counter:lpm_counter_component ;
+------------------------+-------------+------------------------------------------------------------------------+
; Parameter Name         ; Value       ; Type                                                                   ;
+------------------------+-------------+------------------------------------------------------------------------+
; AUTO_CARRY_CHAINS      ; ON          ; AUTO_CARRY                                                             ;
; IGNORE_CARRY_BUFFERS   ; OFF         ; IGNORE_CARRY                                                           ;
; AUTO_CASCADE_CHAINS    ; ON          ; AUTO_CASCADE                                                           ;
; IGNORE_CASCADE_BUFFERS ; OFF         ; IGNORE_CASCADE                                                         ;
; LPM_WIDTH              ; 4           ; Untyped                                                                ;
; LPM_DIRECTION          ; UP          ; Untyped                                                                ;
; LPM_MODULUS            ; 10          ; Untyped                                                                ;
; LPM_AVALUE             ; UNUSED      ; Untyped                                                                ;
; LPM_SVALUE             ; UNUSED      ; Untyped                                                                ;
; LPM_PORT_UPDOWN        ; PORT_UNUSED ; Untyped                                                                ;
; DEVICE_FAMILY          ; Cyclone III ; Untyped                                                                ;
; CARRY_CHAIN            ; MANUAL      ; Untyped                                                                ;
; CARRY_CHAIN_LENGTH     ; 48          ; CARRY_CHAIN_LENGTH                                                     ;
; NOT_GATE_PUSH_BACK     ; ON          ; NOT_GATE_PUSH_BACK                                                     ;
; CARRY_CNT_EN           ; SMART       ; Untyped                                                                ;
; LABWIDE_SCLR           ; ON          ; Untyped                                                                ;
; USE_NEW_VERSION        ; TRUE        ; Untyped                                                                ;
; CBXI_PARAMETER         ; cntr_4lk    ; Untyped                                                                ;
+------------------------+-------------+------------------------------------------------------------------------+
Note: In order to hide this table in the UI and the text report file, please set the "Show Parameter Settings Tables in Synthesis Report" option in "Analysis and Synthesis Settings -> More Settings" to "Off".


+----------------------------------------------------------------------------------------------------------------+
; Parameter Settings for User Entity Instance: Counter:inst|lpm_counter1:inst3|lpm_counter:lpm_counter_component ;
+------------------------+-------------+-------------------------------------------------------------------------+
; Parameter Name         ; Value       ; Type                                                                    ;
+------------------------+-------------+-------------------------------------------------------------------------+
; AUTO_CARRY_CHAINS      ; ON          ; AUTO_CARRY                                                              ;
; IGNORE_CARRY_BUFFERS   ; OFF         ; IGNORE_CARRY                                                            ;
; AUTO_CASCADE_CHAINS    ; ON          ; AUTO_CASCADE                                                            ;
; IGNORE_CASCADE_BUFFERS ; OFF         ; IGNORE_CASCADE                                                          ;
; LPM_WIDTH              ; 4           ; Untyped                                                                 ;
; LPM_DIRECTION          ; UP          ; Untyped                                                                 ;
; LPM_MODULUS            ; 6           ; Untyped                                                                 ;
; LPM_AVALUE             ; UNUSED      ; Untyped                                                                 ;
; LPM_SVALUE             ; UNUSED      ; Untyped                                                                 ;
; LPM_PORT_UPDOWN        ; PORT_UNUSED ; Untyped                                                                 ;
; DEVICE_FAMILY          ; Cyclone III ; Untyped                                                                 ;
; CARRY_CHAIN            ; MANUAL      ; Untyped                                                                 ;
; CARRY_CHAIN_LENGTH     ; 48          ; CARRY_CHAIN_LENGTH                                                      ;
; NOT_GATE_PUSH_BACK     ; ON          ; NOT_GATE_PUSH_BACK                                                      ;
; CARRY_CNT_EN           ; SMART       ; Untyped                                                                 ;
; LABWIDE_SCLR           ; ON          ; Untyped                                                                 ;
; USE_NEW_VERSION        ; TRUE        ; Untyped                                                                 ;
; CBXI_PARAMETER         ; cntr_pjk    ; Untyped                                                                 ;
+------------------------+-------------+-------------------------------------------------------------------------+
Note: In order to hide this table in the UI and the text report file, please set the "Show Parameter Settings Tables in Synthesis Report" option in "Analysis and Synthesis Settings -> More Settings" to "Off".


+-------------------------------+
; Analysis & Synthesis Messages ;
+-------------------------------+
Info: *******************************************************************
Info: Running Quartus II Analysis & Synthesis
    Info: Version 9.1 Build 350 03/24/2010 Service Pack 2 SJ Web Edition
    Info: Processing started: Thu Aug 15 15:30:53 2024
Info: Command: quartus_map --read_settings_files=on --write_settings_files=off Game -c Game
Info: Found 1 design units, including 1 entities, in source file game.bdf
    Info: Found entity 1: Game
Info: Found 1 design units, including 1 entities, in source file leds.bdf
    Info: Found entity 1: LEDs
Info: Found 1 design units, including 1 entities, in source file stoppercontrol.bdf
    Info: Found entity 1: StopperControl
Info: Found 1 design units, including 1 entities, in source file hex_mux.bdf
    Info: Found entity 1: HEX_Mux
Info: Found 1 design units, including 1 entities, in source file memory.bdf
    Info: Found entity 1: Memory
Info: Found 1 design units, including 1 entities, in source file counter.bdf
    Info: Found entity 1: Counter
Info: Found 1 design units, including 1 entities, in source file secgen.bdf
    Info: Found entity 1: SECGEN
Info: Elaborating entity "Game" for the top level hierarchy
Info: Elaborating entity "SECGEN" for hierarchy "SECGEN:inst3"
Warning: Using design file lpm_counter2.tdf, which is not specified as a design file for the current project, but contains definitions for 1 design units and 1 entities in project
    Info: Found entity 1: lpm_counter2
Info: Elaborating entity "lpm_counter2" for hierarchy "SECGEN:inst3|lpm_counter2:inst"
Info: Elaborating entity "lpm_counter" for hierarchy "SECGEN:inst3|lpm_counter2:inst|lpm_counter:lpm_counter_component"
Info: Elaborated megafunction instantiation "SECGEN:inst3|lpm_counter2:inst|lpm_counter:lpm_counter_component"
Info: Instantiated megafunction "SECGEN:inst3|lpm_counter2:inst|lpm_counter:lpm_counter_component" with the following parameter:
    Info: Parameter "LPM_TYPE" = "LPM_COUNTER"
    Info: Parameter "LPM_WIDTH" = "26"
    Info: Parameter "LPM_DIRECTION" = "UP"
    Info: Parameter "LPM_MODULUS" = "50000000"
    Info: Parameter "LPM_PORT_UPDOWN" = "PORT_UNUSED"
Info: Found 1 design units, including 1 entities, in source file db/cntr_gel.tdf
    Info: Found entity 1: cntr_gel
Info: Elaborating entity "cntr_gel" for hierarchy "SECGEN:inst3|lpm_counter2:inst|lpm_counter:lpm_counter_component|cntr_gel:auto_generated"
Info: Found 1 design units, including 1 entities, in source file db/cmpr_5hc.tdf
    Info: Found entity 1: cmpr_5hc
Info: Elaborating entity "cmpr_5hc" for hierarchy "SECGEN:inst3|lpm_counter2:inst|lpm_counter:lpm_counter_component|cntr_gel:auto_generated|cmpr_5hc:cmpr1"
Info: Elaborating entity "StopperControl" for hierarchy "StopperControl:inst8"
Warning: Using design file gozer_up.bdf, which is not specified as a design file for the current project, but contains definitions for 1 design units and 1 entities in project
    Info: Found entity 1: gozer_up
Info: Elaborating entity "gozer_up" for hierarchy "StopperControl:inst8|gozer_up:inst92"
Warning: Using design file hexss.vhd, which is not specified as a design file for the current project, but contains definitions for 2 design units and 1 entities in project
    Info: Found design unit 1: hexss-arc_hexss
    Info: Found entity 1: hexss
Info: Elaborating entity "hexss" for hierarchy "hexss:inst2"
Info: Elaborating entity "HEX_Mux" for hierarchy "HEX_Mux:inst25"
Warning: Using design file mux2.bdf, which is not specified as a design file for the current project, but contains definitions for 1 design units and 1 entities in project
    Info: Found entity 1: mux2
Info: Elaborating entity "mux2" for hierarchy "HEX_Mux:inst25|mux2:inst8"
Info: Elaborating entity "Memory" for hierarchy "Memory:inst9"
Info: Elaborating entity "Counter" for hierarchy "Counter:inst5"
Warning: Using design file lpm_counter0.tdf, which is not specified as a design file for the current project, but contains definitions for 1 design units and 1 entities in project
    Info: Found entity 1: lpm_counter0
Info: Elaborating entity "lpm_counter0" for hierarchy "Counter:inst5|lpm_counter0:inst"
Info: Elaborating entity "lpm_counter" for hierarchy "Counter:inst5|lpm_counter0:inst|lpm_counter:lpm_counter_component"
Info: Elaborated megafunction instantiation "Counter:inst5|lpm_counter0:inst|lpm_counter:lpm_counter_component"
Info: Instantiated megafunction "Counter:inst5|lpm_counter0:inst|lpm_counter:lpm_counter_component" with the following parameter:
    Info: Parameter "LPM_TYPE" = "LPM_COUNTER"
    Info: Parameter "LPM_WIDTH" = "4"
    Info: Parameter "LPM_DIRECTION" = "UP"
    Info: Parameter "LPM_MODULUS" = "10"
    Info: Parameter "LPM_PORT_UPDOWN" = "PORT_UNUSED"
Info: Found 1 design units, including 1 entities, in source file db/cntr_4lk.tdf
    Info: Found entity 1: cntr_4lk
Info: Elaborating entity "cntr_4lk" for hierarchy "Counter:inst5|lpm_counter0:inst|lpm_counter:lpm_counter_component|cntr_4lk:auto_generated"
Info: Found 1 design units, including 1 entities, in source file db/cmpr_hfc.tdf
    Info: Found entity 1: cmpr_hfc
Info: Elaborating entity "cmpr_hfc" for hierarchy "Counter:inst5|lpm_counter0:inst|lpm_counter:lpm_counter_component|cntr_4lk:auto_generated|cmpr_hfc:cmpr1"
Warning: Using design file lpm_counter1.tdf, which is not specified as a design file for the current project, but contains definitions for 1 design units and 1 entities in project
    Info: Found entity 1: lpm_counter1
Info: Elaborating entity "lpm_counter1" for hierarchy "Counter:inst5|lpm_counter1:inst3"
Info: Elaborating entity "lpm_counter" for hierarchy "Counter:inst5|lpm_counter1:inst3|lpm_counter:lpm_counter_component"
Info: Elaborated megafunction instantiation "Counter:inst5|lpm_counter1:inst3|lpm_counter:lpm_counter_component"
Info: Instantiated megafunction "Counter:inst5|lpm_counter1:inst3|lpm_counter:lpm_counter_component" with the following parameter:
    Info: Parameter "LPM_TYPE" = "LPM_COUNTER"
    Info: Parameter "LPM_WIDTH" = "4"
    Info: Parameter "LPM_DIRECTION" = "UP"
    Info: Parameter "LPM_MODULUS" = "6"
    Info: Parameter "LPM_PORT_UPDOWN" = "PORT_UNUSED"
Info: Found 1 design units, including 1 entities, in source file db/cntr_pjk.tdf
    Info: Found entity 1: cntr_pjk
Info: Elaborating entity "cntr_pjk" for hierarchy "Counter:inst5|lpm_counter1:inst3|lpm_counter:lpm_counter_component|cntr_pjk:auto_generated"
Info: Elaborating entity "LEDs" for hierarchy "LEDs:inst1"
Warning: Using design file gozer_du.bdf, which is not specified as a design file for the current project, but contains definitions for 1 design units and 1 entities in project
    Info: Found entity 1: gozer_du
Info: Elaborating entity "gozer_du" for hierarchy "LEDs:inst1|gozer_du:inst28"
Info: Timing-Driven Synthesis is running
Info: Implemented 214 device resources after synthesis - the final resource count might be different
    Info: Implemented 13 input pins
    Info: Implemented 35 output pins
    Info: Implemented 166 logic cells
Info: Quartus II Analysis & Synthesis was successful. 0 errors, 7 warnings
    Info: Peak virtual memory: 261 megabytes
    Info: Processing ended: Thu Aug 15 15:30:54 2024
    Info: Elapsed time: 00:00:01
    Info: Total CPU time (on all processors): 00:00:01


